c:\users\administrator\desktop\work\orderprocessor-2022jul14\orderprocessor\orderprocessingunit\x64\orderprocessingunit.pch
c:\users\administrator\desktop\work\orderprocessor-2022jul14\orderprocessor\orderprocessingunit\x64\vc143.pdb
c:\users\administrator\desktop\work\orderprocessor-2022jul14\orderprocessor\orderprocessingunit\x64\pch.obj
c:\users\administrator\desktop\work\orderprocessor-2022jul14\orderprocessor\orderprocessingunit\x64\orderprocessingunit.obj
c:\users\administrator\desktop\work\orderprocessor-2022jul14\orderprocessor\orderprocessingunit\x64\assemblyinfo.obj
c:\users\administrator\desktop\work\orderprocessor-2022jul14\orderprocessor\orderprocessingunit\x64\.netframework,version=v4.7.2.assemblyattributes.obj
c:\users\administrator\desktop\work\orderprocessor-2022jul14\orderprocessor\orderprocessingunit\x64\gigaspaces.examples.processingunit.common.dll
c:\users\administrator\desktop\work\orderprocessor-2022jul14\orderprocessor\orderprocessingunit\x64\gigaspaces.practices.externaldatasource.nhibernate.dll
c:\users\administrator\desktop\work\orderprocessor-2022jul14\orderprocessor\orderprocessingunit\x64\nhibernate.dll
c:\users\administrator\desktop\work\orderprocessor-2022jul14\orderprocessor\orderprocessingunit\x64\iesi.collections.dll
c:\users\administrator\desktop\work\orderprocessor-2022jul14\orderprocessor\orderprocessingunit\x64\gigaspaces.examples.processingunit.common.pdb
c:\users\administrator\desktop\work\orderprocessor-2022jul14\orderprocessor\orderprocessingunit\x64\gigaspaces.practices.externaldatasource.nhibernate.pdb
c:\users\administrator\desktop\work\orderprocessor-2022jul14\orderprocessor\orderprocessingunit\x64\nhibernate.pdb
c:\users\administrator\desktop\work\orderprocessor-2022jul14\orderprocessor\orderprocessingunit\x64\nhibernate.xml
c:\users\administrator\desktop\work\orderprocessor-2022jul14\orderprocessor\orderprocessingunit\x64\iesi.collections.pdb
c:\users\administrator\desktop\work\orderprocessor-2022jul14\orderprocessor\orderprocessingunit\x64\iesi.collections.xml
c:\users\administrator\desktop\work\orderprocessor-2022jul14\orderprocessor\orderprocessingunit\x64\release\orderprocessingunit.dll
c:\users\administrator\desktop\work\orderprocessor-2022jul14\orderprocessor\orderprocessingunit\x64\orderprocessingunit.pdb
c:\users\administrator\desktop\work\orderprocessor-2022jul14\orderprocessor\orderprocessingunit\x64\orderpro.9b6bfa7d.tlog\metagen.write.1.tlog
c:\gigaspaces\smart-cache.net-16.1.1-x64\net v4.0\examples\orderprocessor\orderprocessor\orderprocessingunit\x64\gigaspaces.core.dll
c:\gigaspaces\smart-cache.net-16.1.1-x64\net v4.0\examples\orderprocessor\orderprocessor\orderprocessingunit\x64\gigaspaces.examples.processingunit.common.dll
c:\gigaspaces\smart-cache.net-16.1.1-x64\net v4.0\examples\orderprocessor\orderprocessor\orderprocessingunit\x64\gigaspaces.nettojava.dll
c:\gigaspaces\smart-cache.net-16.1.1-x64\net v4.0\examples\orderprocessor\orderprocessor\orderprocessingunit\x64\gigaspaces.core.xml
c:\gigaspaces\smart-cache.net-16.1.1-x64\net v4.0\examples\orderprocessor\orderprocessor\orderprocessingunit\x64\gigaspaces.examples.processingunit.common.pdb
c:\users\administrator\desktop\work\orderprocessor-2022jul14\orderprocessor\orderprocessingunit\x64\app.res
c:\users\administrator\desktop\work\orderprocessor-2022jul14\orderprocessor\orderprocessingunit\x64\orderprocessingunit.vcxprojassemblyreference.cache
c:\users\administrator\desktop\work\orderprocessor-2022jul14\orderprocessor\orderprocessingunit\x64\.netframework,version=v4.0.assemblyattributes.obj
c:\users\administrator\desktop\work\orderprocessor-2022jul14\orderprocessor\orderprocessingunit\x64\vc141.pdb
c:\users\administrator\desktop\work\orderprocessor-2022jul14\orderprocessor\orderprocessingunit\x64\orderpro.9b6bfa7d.tlog\cl.command.1.tlog
c:\users\administrator\desktop\work\orderprocessor-2022jul14\orderprocessor\orderprocessingunit\x64\orderpro.9b6bfa7d.tlog\cl.read.1.tlog
c:\users\administrator\desktop\work\orderprocessor-2022jul14\orderprocessor\orderprocessingunit\x64\orderpro.9b6bfa7d.tlog\cl.write.1.tlog
c:\users\administrator\desktop\work\orderprocessor-2022jul14\orderprocessor\orderprocessingunit\x64\orderpro.9b6bfa7d.tlog\copylocal.read.1u.tlog
c:\users\administrator\desktop\work\orderprocessor-2022jul14\orderprocessor\orderprocessingunit\x64\orderpro.9b6bfa7d.tlog\copylocal.write.1u.tlog
c:\users\administrator\desktop\work\orderprocessor-2022jul14\orderprocessor\orderprocessingunit\x64\orderpro.9b6bfa7d.tlog\link.command.1.tlog
c:\users\administrator\desktop\work\orderprocessor-2022jul14\orderprocessor\orderprocessingunit\x64\orderpro.9b6bfa7d.tlog\link.read.1.tlog
c:\users\administrator\desktop\work\orderprocessor-2022jul14\orderprocessor\orderprocessingunit\x64\orderpro.9b6bfa7d.tlog\link.write.1.tlog
c:\users\administrator\desktop\work\orderprocessor-2022jul14\orderprocessor\orderprocessingunit\x64\orderpro.9b6bfa7d.tlog\metagen.read.1.tlog
c:\users\administrator\desktop\work\orderprocessor-2022jul14\orderprocessor\orderprocessingunit\x64\orderpro.9b6bfa7d.tlog\orderprocessingunit.write.1u.tlog
c:\users\administrator\desktop\work\orderprocessor-2022jul14\orderprocessor\orderprocessingunit\x64\orderpro.9b6bfa7d.tlog\rc.command.1.tlog
c:\users\administrator\desktop\work\orderprocessor-2022jul14\orderprocessor\orderprocessingunit\x64\orderpro.9b6bfa7d.tlog\rc.read.1.tlog
c:\users\administrator\desktop\work\orderprocessor-2022jul14\orderprocessor\orderprocessingunit\x64\orderpro.9b6bfa7d.tlog\rc.write.1.tlog
c:\users\administrator\desktop\work\orderprocessor-2022jul14\orderprocessor\orderprocessingunit\x64\orderpro.9b6bfa7d.tlog\gigaspaces.core.dll.metagen
c:\users\administrator\desktop\work\orderprocessor-2022jul14\orderprocessor\orderprocessingunit\x64\orderpro.9b6bfa7d.tlog\gigaspaces.examples.processingunit.common.dll.metagen
c:\users\administrator\desktop\work\orderprocessor-2022jul14\orderprocessor\orderprocessingunit\x64\orderpro.9b6bfa7d.tlog\gigaspaces.practices.externaldatasource.nhibernate.dll.metagen
