c:\users\administrator\desktop\work\orderprocessor-2022jul14\orderprocessor\orderprocessororderthenfills\x64\debug\orderprocessororderthenfills.pch
c:\users\administrator\desktop\work\orderprocessor-2022jul14\orderprocessor\orderprocessororderthenfills\x64\debug\vc143.pdb
c:\users\administrator\desktop\work\orderprocessor-2022jul14\orderprocessor\orderprocessororderthenfills\x64\debug\pch.obj
c:\users\administrator\desktop\work\orderprocessor-2022jul14\orderprocessor\orderprocessororderthenfills\x64\debug\timer.obj
c:\users\administrator\desktop\work\orderprocessor-2022jul14\orderprocessor\orderprocessororderthenfills\x64\debug\orderprocessorthread.obj
c:\users\administrator\desktop\work\orderprocessor-2022jul14\orderprocessor\orderprocessororderthenfills\x64\debug\orderprocessor.obj
c:\users\administrator\desktop\work\orderprocessor-2022jul14\orderprocessor\orderprocessororderthenfills\x64\debug\ordermsg.obj
c:\users\administrator\desktop\work\orderprocessor-2022jul14\orderprocessor\orderprocessororderthenfills\x64\debug\neworderlistner.obj
c:\users\administrator\desktop\work\orderprocessor-2022jul14\orderprocessor\orderprocessororderthenfills\x64\debug\logger.obj
c:\users\administrator\desktop\work\orderprocessor-2022jul14\orderprocessor\orderprocessororderthenfills\x64\debug\gs_order.obj
c:\users\administrator\desktop\work\orderprocessor-2022jul14\orderprocessor\orderprocessororderthenfills\x64\debug\gs_fill.obj
c:\users\administrator\desktop\work\orderprocessor-2022jul14\orderprocessor\orderprocessororderthenfills\x64\debug\fillprocessor.obj
c:\users\administrator\desktop\work\orderprocessor-2022jul14\orderprocessor\orderprocessororderthenfills\x64\debug\fillfeeder.obj
c:\users\administrator\desktop\work\orderprocessor-2022jul14\orderprocessor\orderprocessororderthenfills\x64\debug\assemblyinfo.obj
c:\users\administrator\desktop\work\orderprocessor-2022jul14\orderprocessor\orderprocessororderthenfills\x64\debug\.netframework,version=v4.7.2.assemblyattributes.obj
c:\users\administrator\desktop\work\orderprocessor-2022jul14\orderprocessor\x64\debug\orderprocessororderthenfills.exe
c:\users\administrator\desktop\work\orderprocessor-2022jul14\orderprocessor\x64\debug\orderprocessororderthenfills.pdb
c:\users\administrator\desktop\work\orderprocessor-2022jul14\orderprocessor\orderprocessororderthenfills\x64\debug\orderpro.2bfd6145.tlog\metagen.write.1.tlog
c:\users\administrator\desktop\work\orderprocessor-2022jul14\orderprocessor\orderprocessororderthenfills\x64\debug\app.res
c:\users\administrator\desktop\work\orderprocessor-2022jul14\orderprocessor\orderprocessororderthenfills\x64\debug\orderpro.2bfd6145.tlog\cl.command.1.tlog
c:\users\administrator\desktop\work\orderprocessor-2022jul14\orderprocessor\orderprocessororderthenfills\x64\debug\orderpro.2bfd6145.tlog\cl.read.1.tlog
c:\users\administrator\desktop\work\orderprocessor-2022jul14\orderprocessor\orderprocessororderthenfills\x64\debug\orderpro.2bfd6145.tlog\cl.write.1.tlog
c:\users\administrator\desktop\work\orderprocessor-2022jul14\orderprocessor\orderprocessororderthenfills\x64\debug\orderpro.2bfd6145.tlog\link.command.1.tlog
c:\users\administrator\desktop\work\orderprocessor-2022jul14\orderprocessor\orderprocessororderthenfills\x64\debug\orderpro.2bfd6145.tlog\link.read.1.tlog
c:\users\administrator\desktop\work\orderprocessor-2022jul14\orderprocessor\orderprocessororderthenfills\x64\debug\orderpro.2bfd6145.tlog\link.write.1.tlog
c:\users\administrator\desktop\work\orderprocessor-2022jul14\orderprocessor\orderprocessororderthenfills\x64\debug\orderpro.2bfd6145.tlog\metagen.read.1.tlog
c:\users\administrator\desktop\work\orderprocessor-2022jul14\orderprocessor\orderprocessororderthenfills\x64\debug\orderpro.2bfd6145.tlog\rc.command.1.tlog
c:\users\administrator\desktop\work\orderprocessor-2022jul14\orderprocessor\orderprocessororderthenfills\x64\debug\orderpro.2bfd6145.tlog\rc.read.1.tlog
c:\users\administrator\desktop\work\orderprocessor-2022jul14\orderprocessor\orderprocessororderthenfills\x64\debug\orderpro.2bfd6145.tlog\rc.write.1.tlog
c:\users\administrator\desktop\work\orderprocessor-2022jul14\orderprocessor\orderprocessororderthenfills\x64\debug\orderpro.2bfd6145.tlog\gigaspaces.core.dll.metagen
